        -:    0:Source:cardtest3.c
        -:    0:Graph:cardtest3.gcno
        -:    0:Data:cardtest3.gcda
        -:    0:Runs:1
        -:    0:Programs:1
        -:    1:#include "assert.h"
        -:    2:#include "dominion.h"
        -:    3:#include <stdio.h>
        -:    4:#include "rngs.h"
        -:    5:#include <stdlib.h>
        -:    6:
        -:    7://test village card
        1:    8:int main (int argc, char** argv) {
        -:    9:	struct gameState G;
        1:   10:	int result, rando = 0;
        -:   11:	int k[10] = {adventurer, gardens, embargo, village, minion, mine, cutpurse, 
        1:   12:	       sea_hag, tribute, smithy};
        1:   13:	rando = rand() % 10;
        1:   14:	result = initializeGame(2, k, rando, &G);
        1:   15:	assert(result == 0);
        1:   16:	printf ("Card Test 3:\n");
        -:   17:	
        -:   18:	//test invalid input
        1:   19:	result = villageFunc(-1, &G, 4);
        1:   20:	assert(result == 0);
        -:   21:	
        -:   22:	//test valid input
        1:   23:	result = villageFunc(1, &G, 4);
        1:   24:	assert(result == 0);
        -:   25:	
        1:   26:	printf("The test passed\n");
        1:   27:	return 0;
        -:   28:}