        -:    0:Source:cardtest1.c
        -:    0:Graph:cardtest1.gcno
        -:    0:Data:cardtest1.gcda
        -:    0:Runs:1
        -:    0:Programs:1
        -:    1:#include "assert.h"
        -:    2:#include "dominion.h"
        -:    3:#include <stdio.h>
        -:    4:#include "rngs.h"
        -:    5:#include <stdlib.h>
        -:    6:
        -:    7://test garden card
        1:    8:int main (int argc, char** argv) {
        -:    9:	struct gameState G;
        1:   10:	int result, card, choice1, choice2, choice3, handPos, bonus, rando = 0;
        -:   11:	int k[10] = {adventurer, gardens, embargo, village, minion, mine, cutpurse, 
        1:   12:	       sea_hag, tribute, smithy};
        1:   13:	rando = rand() % 10;
        1:   14:	result = initializeGame(2, k, rando, &G);
        1:   15:	assert(result == 0);
        1:   16:	printf("Card Test 1:\n");
        -:   17:	
        -:   18:	//set variables to values for test
        1:   19:	card = 4;
        1:   20:	choice1 = 0;
        1:   21:	choice2 = 0;
        1:   22:	choice3 = 0;
        1:   23:	handPos = 4;
        1:   24:	bonus = 0;
        -:   25:	
        1:   26:	result = cardEffect(card, choice1, choice2, choice3, &G, handPos, bonus);
        1:   27:	assert(result == -1);
        -:   28:}