        -:    0:Source:cardtest4.c
        -:    0:Graph:cardtest4.gcno
        -:    0:Data:cardtest4.gcda
        -:    0:Runs:1
        -:    0:Programs:1
        -:    1:#include "assert.h"
        -:    2:#include "dominion.h"
        -:    3:#include <stdio.h>
        -:    4:#include "rngs.h"
        -:    5:#include <stdlib.h>
        -:    6:
        -:    7://test village card
        1:    8:int main (int argc, char** argv) {
        -:    9:	struct gameState G;
        1:   10:	int result, card, choice1, choice2, choice3, handPos, bonus, rando = 0;
        -:   11:	int k[10] = {adventurer, gardens, embargo, village, minion, mine, cutpurse, 
        1:   12:	       sea_hag, tribute, smithy};
        1:   13:	rando = rand() % 10;
        1:   14:	result = initializeGame(2, k, rando, &G);
        1:   15:	assert(result == 0);
        1:   16:	printf ("Card Test 4:\n");
        -:   17:	
        -:   18:	//set variables to values for test
        1:   19:	card = 20;
        1:   20:	choice1 = -100;
        1:   21:	choice2 = -1;
        1:   22:	choice3 = -10;
        1:   23:	handPos = 4;
        1:   24:	bonus = 0;
        -:   25:	
        -:   26:	//test invalid input
        1:   27:	result = cardEffect(card, choice1, choice2, choice3, &G, handPos, bonus);
        1:   28:	assert(result == -1);
        -:   29:	
        -:   30:	//set variables to values for test
        1:   31:	card = 20;
        1:   32:	choice1 = 1;
        1:   33:	choice2 = 0;
        1:   34:	choice3 = 3;
        1:   35:	handPos = 4;
        1:   36:	bonus = 0;
        -:   37:	
        -:   38:	//test valid input
        1:   39:	result = cardEffect(card, choice1, choice2, choice3, &G, handPos, bonus);
        1:   40:	assert(result == 0);
        -:   41:	
        1:   42:	printf("The test passed\n");
        1:   43:	return 0;
        -:   44:}