        -:    0:Source:unittest4.c
        -:    0:Graph:unittest4.gcno
        -:    0:Data:unittest4.gcda
        -:    0:Runs:1
        -:    0:Programs:1
        -:    1:#include "assert.h"
        -:    2:#include "dominion.h"
        -:    3:#include <stdio.h>
        -:    4:#include "rngs.h"
        -:    5:#include <stdlib.h>
        -:    6:
        -:    7://shuffle
        1:    8:int main(int argc, char ** argv){
        -:    9:	struct gameState G;
        1:   10:	int result, rando = 0;
        -:   11:	int k[10] = {adventurer, gardens, embargo, village, minion, mine, cutpurse,
        1:   12:			sea_hag, tribute, smithy};
        1:   13:	rando = rand() % 10;
        1:   14:	result = initializeGame(2, k, rando, &G);
        1:   15:	assert(result == 0);
        1:   16:	printf("Unittest 4:\n");
        -:   17:	
        -:   18:	//test a bad value for the deck size
        1:   19:	G.deckCount[1] = -10;
        1:   20:	result = shuffle(1, &G);
        1:   21:	assert(result == -1);
        -:   22:	
        -:   23:	//test valid values
        1:   24:	G.deckCount[1] = 3;
        1:   25:	result = shuffle(1, &G);
        1:   26:	assert (result == 0);
        -:   27:		
        1:   28:	printf("The tests passed\n");
        1:   29:	return 0;
        -:   30:}
        -:   31:	