        -:    0:Source:unittest2.c
        -:    0:Graph:unittest2.gcno
        -:    0:Data:unittest2.gcda
        -:    0:Runs:1
        -:    0:Programs:1
        -:    1:#include "assert.h"
        -:    2:#include "dominion.h"
        -:    3:#include <stdio.h>
        -:    4:#include "rngs.h"
        -:    5:#include <stdlib.h>
        -:    6:
        -:    7://buying a card function
        1:    8:int main(int argc, char ** argv){
        -:    9:	struct gameState G;
        1:   10:	int result, rando = 0;
        -:   11:	int k[10] = {adventurer, gardens, embargo, village, minion, mine, cutpurse,
        1:   12:			sea_hag, tribute, smithy};
        1:   13:	rando = rand() % 10;
        1:   14:	result = initializeGame(2, k, rando, &G);
        1:   15:	assert(result == 0);
        1:   16:	printf("Unittest 2:\n");
        -:   17:	
        1:   18:	G.coins = 5;
        1:   19:	G.numBuys = 2;
        -:   20:	
        -:   21:	//Testing multiple bad inputs
        1:   22:	result = buyCard(-2, &G);
        1:   23:	assert (result == -1);
        -:   24:	
        -:   25:	//testing mulitple good inputs
        1:   26:	result = buyCard(2, &G);
        1:   27:	assert (result == 0);
        -:   28:	
        1:   29:	printf("The tests passed\n");
        1:   30:	return 0;
        -:   31:}