        -:    0:Source:unittest1.c
        -:    0:Graph:unittest1.gcno
        -:    0:Data:unittest1.gcda
        -:    0:Runs:1
        -:    0:Programs:1
        -:    1:#include "assert.h"
        -:    2:#include "dominion.h"
        -:    3:#include <stdio.h>
        -:    4:#include "rngs.h"
        -:    5:#include <stdlib.h>
        -:    6:
        -:    7://is game over 
        -:    8://needed: GameState -> supply count
        -:    9:
        1:   10:int main(int argc, char ** argv){
        -:   11:	struct gameState G;
        1:   12:	int result, rando = 0;
        -:   13:	int k[10] = {adventurer, gardens, embargo, village, minion, mine, cutpurse,
        1:   14:			sea_hag, tribute, smithy};
        1:   15:	rando = rand() % 10;
        1:   16:	result = initializeGame(2, k, rando, &G);
        1:   17:	assert(result == 0);
        1:   18:	printf("Unittest 1:\n");
        -:   19:	
       27:   20:	for(int i = 25; i >= 0; i--){
       26:   21:		G.supplyCount[i] = i;
       26:   22:		result = isGameOver(&G);
        -:   23:	}
        1:   24:	printf("The test passed.\n");
        1:   25:	return 0;
        -:   26:}
